<?xml version="1.0" encoding="UTF-8"?>
<testng-results skipped="0" failed="0" total="1" passed="1">
  <reporter-output>
  </reporter-output>
  <suite name="GoogleSuite" duration-ms="11751" started-at="2017-11-19T05:41:17Z" finished-at="2017-11-19T05:41:29Z">
    <groups>
    </groups>
    <test name="MainSearchTest" duration-ms="11751" started-at="2017-11-19T05:41:17Z" finished-at="2017-11-19T05:41:29Z">
      <class name="com.google.MainSearch">
        <test-method status="PASS" signature="selectFromSearchList()[pri:0, instance:com.google.MainSearch@73035e27]" name="selectFromSearchList" duration-ms="11733" started-at="2017-11-18T21:41:17Z" finished-at="2017-11-18T21:41:29Z">
          <reporter-output>
          </reporter-output>
        </test-method> <!-- selectFromSearchList -->
      </class> <!-- com.google.MainSearch -->
    </test> <!-- MainSearchTest -->
  </suite> <!-- GoogleSuite -->
</testng-results>
